<?xml version="1.0" encoding="UTF-8"?>
<testsuite xmlns:xsi="http://www.w3.org/2001/XMLSchema-instance" xsi:noNamespaceSchemaLocation="https://maven.apache.org/surefire/maven-failsafe-plugin/xsd/failsafe-test-report-3.0.xsd" version="3.0" name="com.gdn.qa.training.DefinitionTestSuite" time="7.178" tests="4" errors="0" skipped="0" failures="0">
  <properties>
    <property name="sun.desktop" value="gnome"/>
    <property name="awt.toolkit" value="sun.awt.X11.XToolkit"/>
    <property name="file.encoding.pkg" value="sun.io"/>
    <property name="java.specification.version" value="1.8"/>
    <property name="sun.cpu.isalist" value=""/>
    <property name="sun.jnu.encoding" value="UTF-8"/>
    <property name="java.class.path" value="/home/nat/Documents/phase-3/day-3(Testing-UI)/target/test-classes:/home/nat/Documents/phase-3/day-3(Testing-UI)/target/training-ui-1.0-SNAPSHOT.jar:/home/nat/.m2/repository/net/serenity-bdd/serenity-core/1.9.45/serenity-core-1.9.45.jar:/home/nat/.m2/repository/com/google/guava/guava/25.0-jre/guava-25.0-jre.jar:/home/nat/.m2/repository/com/google/code/findbugs/jsr305/1.3.9/jsr305-1.3.9.jar:/home/nat/.m2/repository/org/checkerframework/checker-compat-qual/2.0.0/checker-compat-qual-2.0.0.jar:/home/nat/.m2/repository/com/google/errorprone/error_prone_annotations/2.1.3/error_prone_annotations-2.1.3.jar:/home/nat/.m2/repository/com/google/j2objc/j2objc-annotations/1.1/j2objc-annotations-1.1.jar:/home/nat/.m2/repository/org/codehaus/mojo/animal-sniffer-annotations/1.14/animal-sniffer-annotations-1.14.jar:/home/nat/.m2/repository/com/google/inject/guice/4.2.0/guice-4.2.0.jar:/home/nat/.m2/repository/javax/inject/javax.inject/1/javax.inject-1.jar:/home/nat/.m2/repository/aopalliance/aopalliance/1.0/aopalliance-1.0.jar:/home/nat/.m2/repository/cglib/cglib/3.2.5/cglib-3.2.5.jar:/home/nat/.m2/repository/org/apache/ant/ant/1.9.6/ant-1.9.6.jar:/home/nat/.m2/repository/org/apache/ant/ant-launcher/1.9.6/ant-launcher-1.9.6.jar:/home/nat/.m2/repository/org/ow2/asm/asm/5.0.3/asm-5.0.3.jar:/home/nat/.m2/repository/commons-codec/commons-codec/1.10/commons-codec-1.10.jar:/home/nat/.m2/repository/org/objenesis/objenesis/2.6/objenesis-2.6.jar:/home/nat/.m2/repository/org/slf4j/slf4j-api/1.7.25/slf4j-api-1.7.25.jar:/home/nat/.m2/repository/xml-apis/xml-apis/1.4.01/xml-apis-1.4.01.jar:/home/nat/.m2/repository/io/cucumber/cucumber-core/2.4.0/cucumber-core-2.4.0.jar:/home/nat/.m2/repository/info/cukes/cucumber-html/0.2.6/cucumber-html-0.2.6.jar:/home/nat/.m2/repository/io/cucumber/cucumber-jvm-deps/1.0.6/cucumber-jvm-deps-1.0.6.jar:/home/nat/.m2/repository/io/cucumber/gherkin/5.0.0/gherkin-5.0.0.jar:/home/nat/.m2/repository/io/cucumber/tag-expressions/1.1.1/tag-expressions-1.1.1.jar:/home/nat/.m2/repository/commons-logging/commons-logging/1.2/commons-logging-1.2.jar:/home/nat/.m2/repository/org/mockito/mockito-core/1.10.19/mockito-core-1.10.19.jar:/home/nat/.m2/repository/net/bytebuddy/byte-buddy/1.8.12/byte-buddy-1.8.12.jar:/home/nat/.m2/repository/io/vavr/vavr/0.9.0/vavr-0.9.0.jar:/home/nat/.m2/repository/io/vavr/vavr-match/0.9.0/vavr-match-0.9.0.jar:/home/nat/.m2/repository/net/serenity-bdd/serenity-report-resources/1.9.45/serenity-report-resources-1.9.45.jar:/home/nat/.m2/repository/net/serenity-bdd/serenity-model/1.9.45/serenity-model-1.9.45.jar:/home/nat/.m2/repository/commons-net/commons-net/3.6/commons-net-3.6.jar:/home/nat/.m2/repository/net/serenity-bdd/serenity-reports/1.9.45/serenity-reports-1.9.45.jar:/home/nat/.m2/repository/com/google/code/gson/gson/2.8.4/gson-2.8.4.jar:/home/nat/.m2/repository/commons-io/commons-io/2.6/commons-io-2.6.jar:/home/nat/.m2/repository/org/seleniumhq/selenium/selenium-server/3.14.0/selenium-server-3.14.0.jar:/home/nat/.m2/repository/org/seleniumhq/selenium/selenium-firefox-driver/3.14.0/selenium-firefox-driver-3.14.0.jar:/home/nat/.m2/repository/org/seleniumhq/selenium/selenium-ie-driver/3.14.0/selenium-ie-driver-3.14.0.jar:/home/nat/.m2/repository/com/beust/jcommander/1.72/jcommander-1.72.jar:/home/nat/.m2/repository/org/apache/commons/commons-exec/1.3/commons-exec-1.3.jar:/home/nat/.m2/repository/org/apache/commons/commons-text/1.1/commons-text-1.1.jar:/home/nat/.m2/repository/org/apache/httpcomponents/httpcore/4.4.9/httpcore-4.4.9.jar:/home/nat/.m2/repository/net/jcip/jcip-annotations/1.0/jcip-annotations-1.0.jar:/home/nat/.m2/repository/org/seleniumhq/selenium/jetty-repacked/9.4.8.v20180619/jetty-repacked-9.4.8.v20180619.jar:/home/nat/.m2/repository/org/eclipse/jetty/jetty-client/9.4.8.v20180619/jetty-client-9.4.8.v20180619.jar:/home/nat/.m2/repository/org/eclipse/jetty/jetty-http/9.4.8.v20180619/jetty-http-9.4.8.v20180619.jar:/home/nat/.m2/repository/org/eclipse/jetty/jetty-xml/9.4.8.v20180619/jetty-xml-9.4.8.v20180619.jar:/home/nat/.m2/repository/com/squareup/okhttp3/okhttp/3.10.0/okhttp-3.10.0.jar:/home/nat/.m2/repository/com/squareup/okio/okio/1.14.1/okio-1.14.1.jar:/home/nat/.m2/repository/javax/servlet/javax.servlet-api/3.1.0/javax.servlet-api-3.1.0.jar:/home/nat/.m2/repository/org/eclipse/jetty/websocket/websocket-api/9.4.8.v20180619/websocket-api-9.4.8.v20180619.jar:/home/nat/.m2/repository/org/eclipse/jetty/websocket/websocket-client/9.4.8.v20180619/websocket-client-9.4.8.v20180619.jar:/home/nat/.m2/repository/org/eclipse/jetty/websocket/websocket-common/9.4.8.v20180619/websocket-common-9.4.8.v20180619.jar:/home/nat/.m2/repository/xerces/xercesImpl/2.11.0/xercesImpl-2.11.0.jar:/home/nat/.m2/repository/org/yaml/snakeyaml/1.19/snakeyaml-1.19.jar:/home/nat/.m2/repository/org/seleniumhq/selenium/selenium-java/3.14.0/selenium-java-3.14.0.jar:/home/nat/.m2/repository/org/seleniumhq/selenium/selenium-api/3.14.0/selenium-api-3.14.0.jar:/home/nat/.m2/repository/org/seleniumhq/selenium/selenium-chrome-driver/3.14.0/selenium-chrome-driver-3.14.0.jar:/home/nat/.m2/repository/org/seleniumhq/selenium/selenium-edge-driver/3.14.0/selenium-edge-driver-3.14.0.jar:/home/nat/.m2/repository/org/seleniumhq/selenium/selenium-remote-driver/3.14.0/selenium-remote-driver-3.14.0.jar:/home/nat/.m2/repository/org/seleniumhq/selenium/selenium-safari-driver/3.14.0/selenium-safari-driver-3.14.0.jar:/home/nat/.m2/repository/org/seleniumhq/selenium/selenium-opera-driver/3.14.0/selenium-opera-driver-3.14.0.jar:/home/nat/.m2/repository/org/seleniumhq/selenium/selenium-support/3.14.0/selenium-support-3.14.0.jar:/home/nat/.m2/repository/com/paulhammant/ngwebdriver/1.1.4/ngwebdriver-1.1.4.jar:/home/nat/.m2/repository/com/codeborne/phantomjsdriver/1.4.4/phantomjsdriver-1.4.4.jar:/home/nat/.m2/repository/org/eclipse/jetty/jetty-util/9.4.8.v20171121/jetty-util-9.4.8.v20171121.jar:/home/nat/.m2/repository/org/eclipse/jetty/jetty-io/9.4.8.v20171121/jetty-io-9.4.8.v20171121.jar:/home/nat/.m2/repository/org/seleniumhq/selenium/htmlunit-driver/2.30.1/htmlunit-driver-2.30.1.jar:/home/nat/.m2/repository/io/appium/java-client/6.1.0/java-client-6.1.0.jar:/home/nat/.m2/repository/commons-validator/commons-validator/1.6/commons-validator-1.6.jar:/home/nat/.m2/repository/commons-beanutils/commons-beanutils/1.9.2/commons-beanutils-1.9.2.jar:/home/nat/.m2/repository/commons-digester/commons-digester/1.8.1/commons-digester-1.8.1.jar:/home/nat/.m2/repository/org/springframework/spring-context/5.0.5.RELEASE/spring-context-5.0.5.RELEASE.jar:/home/nat/.m2/repository/org/springframework/spring-aop/5.0.5.RELEASE/spring-aop-5.0.5.RELEASE.jar:/home/nat/.m2/repository/org/springframework/spring-beans/5.0.5.RELEASE/spring-beans-5.0.5.RELEASE.jar:/home/nat/.m2/repository/org/springframework/spring-core/5.0.5.RELEASE/spring-core-5.0.5.RELEASE.jar:/home/nat/.m2/repository/org/springframework/spring-jcl/5.0.5.RELEASE/spring-jcl-5.0.5.RELEASE.jar:/home/nat/.m2/repository/org/springframework/spring-expression/5.0.5.RELEASE/spring-expression-5.0.5.RELEASE.jar:/home/nat/.m2/repository/org/aspectj/aspectjweaver/1.9.1/aspectjweaver-1.9.1.jar:/home/nat/.m2/repository/org/openpnp/opencv/3.2.0-1/opencv-3.2.0-1.jar:/home/nat/.m2/repository/org/glassfish/tyrus/tyrus-core/1.13.1/tyrus-core-1.13.1.jar:/home/nat/.m2/repository/org/glassfish/tyrus/tyrus-spi/1.13.1/tyrus-spi-1.13.1.jar:/home/nat/.m2/repository/javax/websocket/javax.websocket-api/1.1/javax.websocket-api-1.1.jar:/home/nat/.m2/repository/org/codehaus/groovy/groovy/2.4.12/groovy-2.4.12.jar:/home/nat/.m2/repository/net/sf/opencsv/opencsv/2.0/opencsv-2.0.jar:/home/nat/.m2/repository/commons-beanutils/commons-beanutils-core/1.8.3/commons-beanutils-core-1.8.3.jar:/home/nat/.m2/repository/joda-time/joda-time/2.7/joda-time-2.7.jar:/home/nat/.m2/repository/com/thoughtworks/xstream/xstream/1.4.9/xstream-1.4.9.jar:/home/nat/.m2/repository/xmlpull/xmlpull/1.1.3.1/xmlpull-1.1.3.1.jar:/home/nat/.m2/repository/xpp3/xpp3_min/1.1.4c/xpp3_min-1.1.4c.jar:/home/nat/.m2/repository/org/apache/commons/commons-lang3/3.7/commons-lang3-3.7.jar:/home/nat/.m2/repository/commons-collections/commons-collections/3.2.2/commons-collections-3.2.2.jar:/home/nat/.m2/repository/org/freemarker/freemarker/2.3.28/freemarker-2.3.28.jar:/home/nat/.m2/repository/net/sourceforge/jexcelapi/jxl/2.6.12/jxl-2.6.12.jar:/home/nat/.m2/repository/org/hamcrest/hamcrest-core/1.3/hamcrest-core-1.3.jar:/home/nat/.m2/repository/org/hamcrest/hamcrest-library/1.3/hamcrest-library-1.3.jar:/home/nat/.m2/repository/net/sourceforge/htmlunit/htmlunit/2.30/htmlunit-2.30.jar:/home/nat/.m2/repository/net/sourceforge/htmlunit/htmlunit-core-js/2.28/htmlunit-core-js-2.28.jar:/home/nat/.m2/repository/net/sourceforge/htmlunit/neko-htmlunit/2.30/neko-htmlunit-2.30.jar:/home/nat/.m2/repository/net/sourceforge/htmlunit/htmlunit-cssparser/1.0.0/htmlunit-cssparser-1.0.0.jar:/home/nat/.m2/repository/org/apache/httpcomponents/httpclient/4.5.5/httpclient-4.5.5.jar:/home/nat/.m2/repository/org/apache/httpcomponents/httpmime/4.5.5/httpmime-4.5.5.jar:/home/nat/.m2/repository/org/fluentlenium/fluentlenium-core/0.10.2/fluentlenium-core-0.10.2.jar:/home/nat/.m2/repository/com/jhlabs/filters/2.0.235/filters-2.0.235.jar:/home/nat/.m2/repository/org/asciidoctor/asciidoctorj/1.5.6/asciidoctorj-1.5.6.jar:/home/nat/.m2/repository/org/jruby/jruby-complete/1.7.26/jruby-complete-1.7.26.jar:/home/nat/.m2/repository/org/imgscalr/imgscalr-lib/4.2/imgscalr-lib-4.2.jar:/home/nat/.m2/repository/javax/el/javax.el-api/2.2.4/javax.el-api-2.2.4.jar:/home/nat/.m2/repository/org/glassfish/web/javax.el/2.2.4/javax.el-2.2.4.jar:/home/nat/.m2/repository/xalan/xalan/2.7.2/xalan-2.7.2.jar:/home/nat/.m2/repository/xalan/serializer/2.7.2/serializer-2.7.2.jar:/home/nat/.m2/repository/org/awaitility/awaitility/3.1.0/awaitility-3.1.0.jar:/home/nat/.m2/repository/com/typesafe/config/1.3.1/config-1.3.1.jar:/home/nat/.m2/repository/org/jsoup/jsoup/1.10.3/jsoup-1.10.3.jar:/home/nat/.m2/repository/com/google/jimfs/jimfs/1.1/jimfs-1.1.jar:/home/nat/.m2/repository/es/nitaur/markdown/txtmark/0.16/txtmark-0.16.jar:/home/nat/.m2/repository/com/vladsch/flexmark/flexmark-all/0.26.4/flexmark-all-0.26.4.jar:/home/nat/.m2/repository/com/vladsch/flexmark/flexmark/0.26.4/flexmark-0.26.4.jar:/home/nat/.m2/repository/com/vladsch/flexmark/flexmark-ext-abbreviation/0.26.4/flexmark-ext-abbreviation-0.26.4.jar:/home/nat/.m2/repository/com/vladsch/flexmark/flexmark-ext-anchorlink/0.26.4/flexmark-ext-anchorlink-0.26.4.jar:/home/nat/.m2/repository/com/vladsch/flexmark/flexmark-ext-aside/0.26.4/flexmark-ext-aside-0.26.4.jar:/home/nat/.m2/repository/com/vladsch/flexmark/flexmark-ext-autolink/0.26.4/flexmark-ext-autolink-0.26.4.jar:/home/nat/.m2/repository/org/nibor/autolink/autolink/0.6.0/autolink-0.6.0.jar:/home/nat/.m2/repository/com/vladsch/flexmark/flexmark-ext-definition/0.26.4/flexmark-ext-definition-0.26.4.jar:/home/nat/.m2/repository/com/vladsch/flexmark/flexmark-ext-emoji/0.26.4/flexmark-ext-emoji-0.26.4.jar:/home/nat/.m2/repository/com/vladsch/flexmark/flexmark-ext-escaped-character/0.26.4/flexmark-ext-escaped-character-0.26.4.jar:/home/nat/.m2/repository/com/vladsch/flexmark/flexmark-ext-footnotes/0.26.4/flexmark-ext-footnotes-0.26.4.jar:/home/nat/.m2/repository/com/vladsch/flexmark/flexmark-ext-gfm-issues/0.26.4/flexmark-ext-gfm-issues-0.26.4.jar:/home/nat/.m2/repository/com/vladsch/flexmark/flexmark-ext-gfm-strikethrough/0.26.4/flexmark-ext-gfm-strikethrough-0.26.4.jar:/home/nat/.m2/repository/com/vladsch/flexmark/flexmark-ext-gfm-tables/0.26.4/flexmark-ext-gfm-tables-0.26.4.jar:/home/nat/.m2/repository/com/vladsch/flexmark/flexmark-ext-gfm-tasklist/0.26.4/flexmark-ext-gfm-tasklist-0.26.4.jar:/home/nat/.m2/repository/com/vladsch/flexmark/flexmark-ext-gfm-users/0.26.4/flexmark-ext-gfm-users-0.26.4.jar:/home/nat/.m2/repository/com/vladsch/flexmark/flexmark-ext-jekyll-front-matter/0.26.4/flexmark-ext-jekyll-front-matter-0.26.4.jar:/home/nat/.m2/repository/com/vladsch/flexmark/flexmark-ext-jekyll-tag/0.26.4/flexmark-ext-jekyll-tag-0.26.4.jar:/home/nat/.m2/repository/com/vladsch/flexmark/flexmark-ext-ins/0.26.4/flexmark-ext-ins-0.26.4.jar:/home/nat/.m2/repository/com/vladsch/flexmark/flexmark-ext-xwiki-macros/0.26.4/flexmark-ext-xwiki-macros-0.26.4.jar:/home/nat/.m2/repository/com/vladsch/flexmark/flexmark-ext-superscript/0.26.4/flexmark-ext-superscript-0.26.4.jar:/home/nat/.m2/repository/com/vladsch/flexmark/flexmark-ext-tables/0.26.4/flexmark-ext-tables-0.26.4.jar:/home/nat/.m2/repository/com/vladsch/flexmark/flexmark-ext-toc/0.26.4/flexmark-ext-toc-0.26.4.jar:/home/nat/.m2/repository/com/vladsch/flexmark/flexmark-ext-typographic/0.26.4/flexmark-ext-typographic-0.26.4.jar:/home/nat/.m2/repository/com/vladsch/flexmark/flexmark-ext-wikilink/0.26.4/flexmark-ext-wikilink-0.26.4.jar:/home/nat/.m2/repository/com/vladsch/flexmark/flexmark-ext-yaml-front-matter/0.26.4/flexmark-ext-yaml-front-matter-0.26.4.jar:/home/nat/.m2/repository/com/vladsch/flexmark/flexmark-formatter/0.26.4/flexmark-formatter-0.26.4.jar:/home/nat/.m2/repository/com/vladsch/flexmark/flexmark-html-parser/0.26.4/flexmark-html-parser-0.26.4.jar:/home/nat/.m2/repository/com/vladsch/flexmark/flexmark-jira-converter/0.26.4/flexmark-jira-converter-0.26.4.jar:/home/nat/.m2/repository/com/vladsch/flexmark/flexmark-pdf-converter/0.26.4/flexmark-pdf-converter-0.26.4.jar:/home/nat/.m2/repository/com/openhtmltopdf/openhtmltopdf-core/0.0.1-RC9/openhtmltopdf-core-0.0.1-RC9.jar:/home/nat/.m2/repository/com/openhtmltopdf/openhtmltopdf-pdfbox/0.0.1-RC9/openhtmltopdf-pdfbox-0.0.1-RC9.jar:/home/nat/.m2/repository/org/apache/pdfbox/pdfbox/2.0.4/pdfbox-2.0.4.jar:/home/nat/.m2/repository/org/apache/pdfbox/fontbox/2.0.4/fontbox-2.0.4.jar:/home/nat/.m2/repository/com/openhtmltopdf/openhtmltopdf-rtl-support/0.0.1-RC9/openhtmltopdf-rtl-support-0.0.1-RC9.jar:/home/nat/.m2/repository/com/ibm/icu/icu4j/58.1/icu4j-58.1.jar:/home/nat/.m2/repository/com/openhtmltopdf/openhtmltopdf-jsoup-dom-converter/0.0.1-RC9/openhtmltopdf-jsoup-dom-converter-0.0.1-RC9.jar:/home/nat/.m2/repository/com/vladsch/flexmark/flexmark-profile-pegdown/0.26.4/flexmark-profile-pegdown-0.26.4.jar:/home/nat/.m2/repository/com/vladsch/flexmark/flexmark-util/0.26.4/flexmark-util-0.26.4.jar:/home/nat/.m2/repository/com/vladsch/flexmark/flexmark-youtrack-converter/0.26.4/flexmark-youtrack-converter-0.26.4.jar:/home/nat/.m2/repository/net/serenity-bdd/serenity-cucumber/1.9.20/serenity-cucumber-1.9.20.jar:/home/nat/.m2/repository/net/serenity-bdd/serenity-screenplay/2.0.11/serenity-screenplay-2.0.11.jar:/home/nat/.m2/repository/uk/com/robust-it/cloning/1.9.10/cloning-1.9.10.jar:/home/nat/.m2/repository/net/serenity-bdd/serenity-screenplay-webdriver/2.0.11/serenity-screenplay-webdriver-2.0.11.jar:/home/nat/.m2/repository/io/cucumber/cucumber-java/2.4.0/cucumber-java-2.4.0.jar:/home/nat/.m2/repository/io/cucumber/cucumber-junit/2.4.0/cucumber-junit-2.4.0.jar:/home/nat/.m2/repository/org/apache/commons/commons-csv/1.5/commons-csv-1.5.jar:/home/nat/.m2/repository/org/slf4j/slf4j-simple/1.7.7/slf4j-simple-1.7.7.jar:/home/nat/.m2/repository/junit/junit/4.12/junit-4.12.jar:/home/nat/.m2/repository/net/serenity-bdd/serenity-rest-assured/1.9.45/serenity-rest-assured-1.9.45.jar:/home/nat/.m2/repository/io/rest-assured/rest-assured/3.0.5/rest-assured-3.0.5.jar:/home/nat/.m2/repository/org/ccil/cowan/tagsoup/tagsoup/1.2.1/tagsoup-1.2.1.jar:/home/nat/.m2/repository/io/rest-assured/json-path/3.0.5/json-path-3.0.5.jar:/home/nat/.m2/repository/io/rest-assured/rest-assured-common/3.0.5/rest-assured-common-3.0.5.jar:/home/nat/.m2/repository/io/rest-assured/xml-path/3.0.5/xml-path-3.0.5.jar:/home/nat/.m2/repository/org/codehaus/groovy/groovy-xml/2.4.12/groovy-xml-2.4.12.jar:/home/nat/.m2/repository/org/codehaus/groovy/groovy-json/2.4.12/groovy-json-2.4.12.jar:/home/nat/.m2/repository/org/apache/maven/plugins/maven-failsafe-plugin/3.0.0-M3/maven-failsafe-plugin-3.0.0-M3.jar:/home/nat/.m2/repository/org/apache/maven/surefire/maven-surefire-common/3.0.0-M3/maven-surefire-common-3.0.0-M3.jar:/home/nat/.m2/repository/org/apache/maven/surefire/surefire-api/3.0.0-M3/surefire-api-3.0.0-M3.jar:/home/nat/.m2/repository/org/apache/maven/surefire/surefire-logger-api/3.0.0-M3/surefire-logger-api-3.0.0-M3.jar:/home/nat/.m2/repository/org/apache/maven/surefire/surefire-booter/3.0.0-M3/surefire-booter-3.0.0-M3.jar:/home/nat/.m2/repository/org/apache/maven/maven-toolchain/3.0-alpha-2/maven-toolchain-3.0-alpha-2.jar:/home/nat/.m2/repository/org/apache/maven/maven-core/3.0-alpha-2/maven-core-3.0-alpha-2.jar:/home/nat/.m2/repository/org/apache/maven/maven-lifecycle/3.0-alpha-2/maven-lifecycle-3.0-alpha-2.jar:/home/nat/.m2/repository/org/apache/maven/maven-reporting-api/3.0-alpha-2/maven-reporting-api-3.0-alpha-2.jar:/home/nat/.m2/repository/org/apache/maven/doxia/doxia-sink-api/1.0-alpha-9/doxia-sink-api-1.0-alpha-9.jar:/home/nat/.m2/repository/org/apache/maven/maven-model/3.0-alpha-2/maven-model-3.0-alpha-2.jar:/home/nat/.m2/repository/org/apache/maven/maven-plugin-api/3.0-alpha-2/maven-plugin-api-3.0-alpha-2.jar:/home/nat/.m2/repository/org/codehaus/plexus/plexus-container-default/1.0-beta-3.0.5/plexus-container-default-1.0-beta-3.0.5.jar:/home/nat/.m2/repository/org/apache/xbean/xbean-reflect/3.4/xbean-reflect-3.4.jar:/home/nat/.m2/repository/log4j/log4j/1.2.12/log4j-1.2.12.jar:/home/nat/.m2/repository/commons-logging/commons-logging-api/1.1/commons-logging-api-1.1.jar:/home/nat/.m2/repository/com/google/code/google-collections/google-collect/snapshot-20080530/google-collect-snapshot-20080530.jar:/home/nat/.m2/repository/org/apache/maven/maven-project/3.0-alpha-2/maven-project-3.0-alpha-2.jar:/home/nat/.m2/repository/org/codehaus/woodstox/wstx-asl/3.2.6/wstx-asl-3.2.6.jar:/home/nat/.m2/repository/org/apache/maven/maven-project-builder/3.0-alpha-2/maven-project-builder-3.0-alpha-2.jar:/home/nat/.m2/repository/commons-cli/commons-cli/1.0/commons-cli-1.0.jar:/home/nat/.m2/repository/org/codehaus/plexus/plexus-interactivity-api/1.0-alpha-6/plexus-interactivity-api-1.0-alpha-6.jar:/home/nat/.m2/repository/org/codehaus/plexus/plexus-interpolation/1.1/plexus-interpolation-1.1.jar:/home/nat/.m2/repository/org/codehaus/plexus/plexus-utils/1.5.6/plexus-utils-1.5.6.jar:/home/nat/.m2/repository/org/codehaus/plexus/plexus-classworlds/1.3/plexus-classworlds-1.3.jar:/home/nat/.m2/repository/org/codehaus/plexus/plexus-component-annotations/1.0-beta-3.0.5/plexus-component-annotations-1.0-beta-3.0.5.jar:/home/nat/.m2/repository/org/sonatype/plexus/plexus-plugin-manager/1.0-alpha-1/plexus-plugin-manager-1.0-alpha-1.jar:/home/nat/.m2/repository/org/apache/maven/mercury/mercury-plexus/1.0.0-alpha-2/mercury-plexus-1.0.0-alpha-2.jar:/home/nat/.m2/repository/org/apache/maven/mercury/mercury-repo-remote-m2/1.0.0-alpha-2/mercury-repo-remote-m2-1.0.0-alpha-2.jar:/home/nat/.m2/repository/org/apache/maven/mercury/mercury-repo-api/1.0.0-alpha-2/mercury-repo-api-1.0.0-alpha-2.jar:/home/nat/.m2/repository/org/apache/maven/mercury/mercury-transport-api/1.0.0-alpha-2/mercury-transport-api-1.0.0-alpha-2.jar:/home/nat/.m2/repository/org/apache/maven/mercury/mercury-crypto-api/1.0.0-alpha-2/mercury-crypto-api-1.0.0-alpha-2.jar:/home/nat/.m2/repository/org/apache/maven/mercury/mercury-transport-http/1.0.0-alpha-2/mercury-transport-http-1.0.0-alpha-2.jar:/home/nat/.m2/repository/org/mortbay/jetty/jetty-client/6.1.12/jetty-client-6.1.12.jar:/home/nat/.m2/repository/org/mortbay/jetty/jetty-sslengine/6.1.12/jetty-sslengine-6.1.12.jar:/home/nat/.m2/repository/org/mortbay/jetty/jetty/6.1.12/jetty-6.1.12.jar:/home/nat/.m2/repository/org/mortbay/jetty/jetty-util/6.1.12/jetty-util-6.1.12.jar:/home/nat/.m2/repository/org/mortbay/jetty/servlet-api-2.5/6.1.12/servlet-api-2.5-6.1.12.jar:/home/nat/.m2/repository/org/apache/maven/mercury/mercury-crypto-basic/1.0.0-alpha-2/mercury-crypto-basic-1.0.0-alpha-2.jar:/home/nat/.m2/repository/bouncycastle/bcprov-jdk15/140/bcprov-jdk15-140.jar:/home/nat/.m2/repository/bouncycastle/bcpg-jdk15/140/bcpg-jdk15-140.jar:/home/nat/.m2/repository/org/apache/maven/mercury/mercury-md-shared/1.0.0-alpha-2/mercury-md-shared-1.0.0-alpha-2.jar:/home/nat/.m2/repository/org/apache/maven/mercury/mercury-util/1.0.0-alpha-2/mercury-util-1.0.0-alpha-2.jar:/home/nat/.m2/repository/org/apache/maven/mercury/mercury-repo-local-m2/1.0.0-alpha-2/mercury-repo-local-m2-1.0.0-alpha-2.jar:/home/nat/.m2/repository/org/apache/maven/mercury/mercury-repo-virtual/1.0.0-alpha-2/mercury-repo-virtual-1.0.0-alpha-2.jar:/home/nat/.m2/repository/org/apache/maven/mercury/mercury-repo-cache-fs/1.0.0-alpha-2/mercury-repo-cache-fs-1.0.0-alpha-2.jar:/home/nat/.m2/repository/org/apache/maven/mercury/mercury-md-sat/1.0.0-alpha-2/mercury-md-sat-1.0.0-alpha-2.jar:/home/nat/.m2/repository/org/sat4j/org.sat4j.core/2.0.4/org.sat4j.core-2.0.4.jar:/home/nat/.m2/repository/org/sat4j/org.sat4j.pb/2.0.4/org.sat4j.pb-2.0.4.jar:/home/nat/.m2/repository/org/apache/maven/mercury/mercury-event/1.0.0-alpha-2/mercury-event-1.0.0-alpha-2.jar:/home/nat/.m2/repository/org/apache/maven/mercury/mercury-logging/1.0.0-alpha-2/mercury-logging-1.0.0-alpha-2.jar:/home/nat/.m2/repository/org/codehaus/plexus/plexus-lang/1.1/plexus-lang-1.1.jar:/home/nat/.m2/repository/org/slf4j/slf4j-jdk14/1.5.3/slf4j-jdk14-1.5.3.jar:/home/nat/.m2/repository/org/apache/maven/maven-mercury/3.0-alpha-2/maven-mercury-3.0-alpha-2.jar:/home/nat/.m2/repository/org/apache/maven/mercury/mercury-artifact/1.0.0-alpha-2/mercury-artifact-1.0.0-alpha-2.jar:/home/nat/.m2/repository/org/apache/maven/mercury/mercury-external/1.0.0-alpha-2/mercury-external-1.0.0-alpha-2.jar:/home/nat/.m2/repository/org/sonatype/spice/model-builder/1.3/model-builder-1.3.jar:/home/nat/.m2/repository/stax/stax-api/1.0.1/stax-api-1.0.1.jar:/home/nat/.m2/repository/org/apache/maven/maven-compat/3.0-alpha-2/maven-compat-3.0-alpha-2.jar:/home/nat/.m2/repository/org/apache/maven/wagon/wagon-provider-api/1.0-beta-4/wagon-provider-api-1.0-beta-4.jar:/home/nat/.m2/repository/org/codehaus/plexus/plexus-java/1.0.1/plexus-java-1.0.1.jar:/home/nat/.m2/repository/com/thoughtworks/qdox/qdox/2.0-M9/qdox-2.0-M9.jar:"/>
    <property name="java.vm.vendor" value="Oracle Corporation"/>
    <property name="sun.arch.data.model" value="64"/>
    <property name="java.vendor.url" value="http://java.oracle.com/"/>
    <property name="user.timezone" value=""/>
    <property name="java.vm.specification.version" value="1.8"/>
    <property name="os.name" value="Linux"/>
    <property name="user.country" value="US"/>
    <property name="sun.java.launcher" value="SUN_STANDARD"/>
    <property name="sun.boot.library.path" value="/usr/lib/jvm/java-8-openjdk-amd64/jre/lib/amd64"/>
    <property name="sun.java.command" value="/home/nat/Documents/phase-3/day-3(Testing-UI)/target/surefire/surefirebooter3482057469677247205.jar /home/nat/Documents/phase-3/day-3(Testing-UI)/target/surefire 2019-08-24T17-15-24_973-jvmRun1 surefire5811698783177953014tmp surefire_02122429879864140684tmp"/>
    <property name="webdriver.driver" value="chrome"/>
    <property name="surefire.test.class.path" value="/home/nat/Documents/phase-3/day-3(Testing-UI)/target/test-classes:/home/nat/Documents/phase-3/day-3(Testing-UI)/target/training-ui-1.0-SNAPSHOT.jar:/home/nat/.m2/repository/net/serenity-bdd/serenity-core/1.9.45/serenity-core-1.9.45.jar:/home/nat/.m2/repository/com/google/guava/guava/25.0-jre/guava-25.0-jre.jar:/home/nat/.m2/repository/com/google/code/findbugs/jsr305/1.3.9/jsr305-1.3.9.jar:/home/nat/.m2/repository/org/checkerframework/checker-compat-qual/2.0.0/checker-compat-qual-2.0.0.jar:/home/nat/.m2/repository/com/google/errorprone/error_prone_annotations/2.1.3/error_prone_annotations-2.1.3.jar:/home/nat/.m2/repository/com/google/j2objc/j2objc-annotations/1.1/j2objc-annotations-1.1.jar:/home/nat/.m2/repository/org/codehaus/mojo/animal-sniffer-annotations/1.14/animal-sniffer-annotations-1.14.jar:/home/nat/.m2/repository/com/google/inject/guice/4.2.0/guice-4.2.0.jar:/home/nat/.m2/repository/javax/inject/javax.inject/1/javax.inject-1.jar:/home/nat/.m2/repository/aopalliance/aopalliance/1.0/aopalliance-1.0.jar:/home/nat/.m2/repository/cglib/cglib/3.2.5/cglib-3.2.5.jar:/home/nat/.m2/repository/org/apache/ant/ant/1.9.6/ant-1.9.6.jar:/home/nat/.m2/repository/org/apache/ant/ant-launcher/1.9.6/ant-launcher-1.9.6.jar:/home/nat/.m2/repository/org/ow2/asm/asm/5.0.3/asm-5.0.3.jar:/home/nat/.m2/repository/commons-codec/commons-codec/1.10/commons-codec-1.10.jar:/home/nat/.m2/repository/org/objenesis/objenesis/2.6/objenesis-2.6.jar:/home/nat/.m2/repository/org/slf4j/slf4j-api/1.7.25/slf4j-api-1.7.25.jar:/home/nat/.m2/repository/xml-apis/xml-apis/1.4.01/xml-apis-1.4.01.jar:/home/nat/.m2/repository/io/cucumber/cucumber-core/2.4.0/cucumber-core-2.4.0.jar:/home/nat/.m2/repository/info/cukes/cucumber-html/0.2.6/cucumber-html-0.2.6.jar:/home/nat/.m2/repository/io/cucumber/cucumber-jvm-deps/1.0.6/cucumber-jvm-deps-1.0.6.jar:/home/nat/.m2/repository/io/cucumber/gherkin/5.0.0/gherkin-5.0.0.jar:/home/nat/.m2/repository/io/cucumber/tag-expressions/1.1.1/tag-expressions-1.1.1.jar:/home/nat/.m2/repository/commons-logging/commons-logging/1.2/commons-logging-1.2.jar:/home/nat/.m2/repository/org/mockito/mockito-core/1.10.19/mockito-core-1.10.19.jar:/home/nat/.m2/repository/net/bytebuddy/byte-buddy/1.8.12/byte-buddy-1.8.12.jar:/home/nat/.m2/repository/io/vavr/vavr/0.9.0/vavr-0.9.0.jar:/home/nat/.m2/repository/io/vavr/vavr-match/0.9.0/vavr-match-0.9.0.jar:/home/nat/.m2/repository/net/serenity-bdd/serenity-report-resources/1.9.45/serenity-report-resources-1.9.45.jar:/home/nat/.m2/repository/net/serenity-bdd/serenity-model/1.9.45/serenity-model-1.9.45.jar:/home/nat/.m2/repository/commons-net/commons-net/3.6/commons-net-3.6.jar:/home/nat/.m2/repository/net/serenity-bdd/serenity-reports/1.9.45/serenity-reports-1.9.45.jar:/home/nat/.m2/repository/com/google/code/gson/gson/2.8.4/gson-2.8.4.jar:/home/nat/.m2/repository/commons-io/commons-io/2.6/commons-io-2.6.jar:/home/nat/.m2/repository/org/seleniumhq/selenium/selenium-server/3.14.0/selenium-server-3.14.0.jar:/home/nat/.m2/repository/org/seleniumhq/selenium/selenium-firefox-driver/3.14.0/selenium-firefox-driver-3.14.0.jar:/home/nat/.m2/repository/org/seleniumhq/selenium/selenium-ie-driver/3.14.0/selenium-ie-driver-3.14.0.jar:/home/nat/.m2/repository/com/beust/jcommander/1.72/jcommander-1.72.jar:/home/nat/.m2/repository/org/apache/commons/commons-exec/1.3/commons-exec-1.3.jar:/home/nat/.m2/repository/org/apache/commons/commons-text/1.1/commons-text-1.1.jar:/home/nat/.m2/repository/org/apache/httpcomponents/httpcore/4.4.9/httpcore-4.4.9.jar:/home/nat/.m2/repository/net/jcip/jcip-annotations/1.0/jcip-annotations-1.0.jar:/home/nat/.m2/repository/org/seleniumhq/selenium/jetty-repacked/9.4.8.v20180619/jetty-repacked-9.4.8.v20180619.jar:/home/nat/.m2/repository/org/eclipse/jetty/jetty-client/9.4.8.v20180619/jetty-client-9.4.8.v20180619.jar:/home/nat/.m2/repository/org/eclipse/jetty/jetty-http/9.4.8.v20180619/jetty-http-9.4.8.v20180619.jar:/home/nat/.m2/repository/org/eclipse/jetty/jetty-xml/9.4.8.v20180619/jetty-xml-9.4.8.v20180619.jar:/home/nat/.m2/repository/com/squareup/okhttp3/okhttp/3.10.0/okhttp-3.10.0.jar:/home/nat/.m2/repository/com/squareup/okio/okio/1.14.1/okio-1.14.1.jar:/home/nat/.m2/repository/javax/servlet/javax.servlet-api/3.1.0/javax.servlet-api-3.1.0.jar:/home/nat/.m2/repository/org/eclipse/jetty/websocket/websocket-api/9.4.8.v20180619/websocket-api-9.4.8.v20180619.jar:/home/nat/.m2/repository/org/eclipse/jetty/websocket/websocket-client/9.4.8.v20180619/websocket-client-9.4.8.v20180619.jar:/home/nat/.m2/repository/org/eclipse/jetty/websocket/websocket-common/9.4.8.v20180619/websocket-common-9.4.8.v20180619.jar:/home/nat/.m2/repository/xerces/xercesImpl/2.11.0/xercesImpl-2.11.0.jar:/home/nat/.m2/repository/org/yaml/snakeyaml/1.19/snakeyaml-1.19.jar:/home/nat/.m2/repository/org/seleniumhq/selenium/selenium-java/3.14.0/selenium-java-3.14.0.jar:/home/nat/.m2/repository/org/seleniumhq/selenium/selenium-api/3.14.0/selenium-api-3.14.0.jar:/home/nat/.m2/repository/org/seleniumhq/selenium/selenium-chrome-driver/3.14.0/selenium-chrome-driver-3.14.0.jar:/home/nat/.m2/repository/org/seleniumhq/selenium/selenium-edge-driver/3.14.0/selenium-edge-driver-3.14.0.jar:/home/nat/.m2/repository/org/seleniumhq/selenium/selenium-remote-driver/3.14.0/selenium-remote-driver-3.14.0.jar:/home/nat/.m2/repository/org/seleniumhq/selenium/selenium-safari-driver/3.14.0/selenium-safari-driver-3.14.0.jar:/home/nat/.m2/repository/org/seleniumhq/selenium/selenium-opera-driver/3.14.0/selenium-opera-driver-3.14.0.jar:/home/nat/.m2/repository/org/seleniumhq/selenium/selenium-support/3.14.0/selenium-support-3.14.0.jar:/home/nat/.m2/repository/com/paulhammant/ngwebdriver/1.1.4/ngwebdriver-1.1.4.jar:/home/nat/.m2/repository/com/codeborne/phantomjsdriver/1.4.4/phantomjsdriver-1.4.4.jar:/home/nat/.m2/repository/org/eclipse/jetty/jetty-util/9.4.8.v20171121/jetty-util-9.4.8.v20171121.jar:/home/nat/.m2/repository/org/eclipse/jetty/jetty-io/9.4.8.v20171121/jetty-io-9.4.8.v20171121.jar:/home/nat/.m2/repository/org/seleniumhq/selenium/htmlunit-driver/2.30.1/htmlunit-driver-2.30.1.jar:/home/nat/.m2/repository/io/appium/java-client/6.1.0/java-client-6.1.0.jar:/home/nat/.m2/repository/commons-validator/commons-validator/1.6/commons-validator-1.6.jar:/home/nat/.m2/repository/commons-beanutils/commons-beanutils/1.9.2/commons-beanutils-1.9.2.jar:/home/nat/.m2/repository/commons-digester/commons-digester/1.8.1/commons-digester-1.8.1.jar:/home/nat/.m2/repository/org/springframework/spring-context/5.0.5.RELEASE/spring-context-5.0.5.RELEASE.jar:/home/nat/.m2/repository/org/springframework/spring-aop/5.0.5.RELEASE/spring-aop-5.0.5.RELEASE.jar:/home/nat/.m2/repository/org/springframework/spring-beans/5.0.5.RELEASE/spring-beans-5.0.5.RELEASE.jar:/home/nat/.m2/repository/org/springframework/spring-core/5.0.5.RELEASE/spring-core-5.0.5.RELEASE.jar:/home/nat/.m2/repository/org/springframework/spring-jcl/5.0.5.RELEASE/spring-jcl-5.0.5.RELEASE.jar:/home/nat/.m2/repository/org/springframework/spring-expression/5.0.5.RELEASE/spring-expression-5.0.5.RELEASE.jar:/home/nat/.m2/repository/org/aspectj/aspectjweaver/1.9.1/aspectjweaver-1.9.1.jar:/home/nat/.m2/repository/org/openpnp/opencv/3.2.0-1/opencv-3.2.0-1.jar:/home/nat/.m2/repository/org/glassfish/tyrus/tyrus-core/1.13.1/tyrus-core-1.13.1.jar:/home/nat/.m2/repository/org/glassfish/tyrus/tyrus-spi/1.13.1/tyrus-spi-1.13.1.jar:/home/nat/.m2/repository/javax/websocket/javax.websocket-api/1.1/javax.websocket-api-1.1.jar:/home/nat/.m2/repository/org/codehaus/groovy/groovy/2.4.12/groovy-2.4.12.jar:/home/nat/.m2/repository/net/sf/opencsv/opencsv/2.0/opencsv-2.0.jar:/home/nat/.m2/repository/commons-beanutils/commons-beanutils-core/1.8.3/commons-beanutils-core-1.8.3.jar:/home/nat/.m2/repository/joda-time/joda-time/2.7/joda-time-2.7.jar:/home/nat/.m2/repository/com/thoughtworks/xstream/xstream/1.4.9/xstream-1.4.9.jar:/home/nat/.m2/repository/xmlpull/xmlpull/1.1.3.1/xmlpull-1.1.3.1.jar:/home/nat/.m2/repository/xpp3/xpp3_min/1.1.4c/xpp3_min-1.1.4c.jar:/home/nat/.m2/repository/org/apache/commons/commons-lang3/3.7/commons-lang3-3.7.jar:/home/nat/.m2/repository/commons-collections/commons-collections/3.2.2/commons-collections-3.2.2.jar:/home/nat/.m2/repository/org/freemarker/freemarker/2.3.28/freemarker-2.3.28.jar:/home/nat/.m2/repository/net/sourceforge/jexcelapi/jxl/2.6.12/jxl-2.6.12.jar:/home/nat/.m2/repository/org/hamcrest/hamcrest-core/1.3/hamcrest-core-1.3.jar:/home/nat/.m2/repository/org/hamcrest/hamcrest-library/1.3/hamcrest-library-1.3.jar:/home/nat/.m2/repository/net/sourceforge/htmlunit/htmlunit/2.30/htmlunit-2.30.jar:/home/nat/.m2/repository/net/sourceforge/htmlunit/htmlunit-core-js/2.28/htmlunit-core-js-2.28.jar:/home/nat/.m2/repository/net/sourceforge/htmlunit/neko-htmlunit/2.30/neko-htmlunit-2.30.jar:/home/nat/.m2/repository/net/sourceforge/htmlunit/htmlunit-cssparser/1.0.0/htmlunit-cssparser-1.0.0.jar:/home/nat/.m2/repository/org/apache/httpcomponents/httpclient/4.5.5/httpclient-4.5.5.jar:/home/nat/.m2/repository/org/apache/httpcomponents/httpmime/4.5.5/httpmime-4.5.5.jar:/home/nat/.m2/repository/org/fluentlenium/fluentlenium-core/0.10.2/fluentlenium-core-0.10.2.jar:/home/nat/.m2/repository/com/jhlabs/filters/2.0.235/filters-2.0.235.jar:/home/nat/.m2/repository/org/asciidoctor/asciidoctorj/1.5.6/asciidoctorj-1.5.6.jar:/home/nat/.m2/repository/org/jruby/jruby-complete/1.7.26/jruby-complete-1.7.26.jar:/home/nat/.m2/repository/org/imgscalr/imgscalr-lib/4.2/imgscalr-lib-4.2.jar:/home/nat/.m2/repository/javax/el/javax.el-api/2.2.4/javax.el-api-2.2.4.jar:/home/nat/.m2/repository/org/glassfish/web/javax.el/2.2.4/javax.el-2.2.4.jar:/home/nat/.m2/repository/xalan/xalan/2.7.2/xalan-2.7.2.jar:/home/nat/.m2/repository/xalan/serializer/2.7.2/serializer-2.7.2.jar:/home/nat/.m2/repository/org/awaitility/awaitility/3.1.0/awaitility-3.1.0.jar:/home/nat/.m2/repository/com/typesafe/config/1.3.1/config-1.3.1.jar:/home/nat/.m2/repository/org/jsoup/jsoup/1.10.3/jsoup-1.10.3.jar:/home/nat/.m2/repository/com/google/jimfs/jimfs/1.1/jimfs-1.1.jar:/home/nat/.m2/repository/es/nitaur/markdown/txtmark/0.16/txtmark-0.16.jar:/home/nat/.m2/repository/com/vladsch/flexmark/flexmark-all/0.26.4/flexmark-all-0.26.4.jar:/home/nat/.m2/repository/com/vladsch/flexmark/flexmark/0.26.4/flexmark-0.26.4.jar:/home/nat/.m2/repository/com/vladsch/flexmark/flexmark-ext-abbreviation/0.26.4/flexmark-ext-abbreviation-0.26.4.jar:/home/nat/.m2/repository/com/vladsch/flexmark/flexmark-ext-anchorlink/0.26.4/flexmark-ext-anchorlink-0.26.4.jar:/home/nat/.m2/repository/com/vladsch/flexmark/flexmark-ext-aside/0.26.4/flexmark-ext-aside-0.26.4.jar:/home/nat/.m2/repository/com/vladsch/flexmark/flexmark-ext-autolink/0.26.4/flexmark-ext-autolink-0.26.4.jar:/home/nat/.m2/repository/org/nibor/autolink/autolink/0.6.0/autolink-0.6.0.jar:/home/nat/.m2/repository/com/vladsch/flexmark/flexmark-ext-definition/0.26.4/flexmark-ext-definition-0.26.4.jar:/home/nat/.m2/repository/com/vladsch/flexmark/flexmark-ext-emoji/0.26.4/flexmark-ext-emoji-0.26.4.jar:/home/nat/.m2/repository/com/vladsch/flexmark/flexmark-ext-escaped-character/0.26.4/flexmark-ext-escaped-character-0.26.4.jar:/home/nat/.m2/repository/com/vladsch/flexmark/flexmark-ext-footnotes/0.26.4/flexmark-ext-footnotes-0.26.4.jar:/home/nat/.m2/repository/com/vladsch/flexmark/flexmark-ext-gfm-issues/0.26.4/flexmark-ext-gfm-issues-0.26.4.jar:/home/nat/.m2/repository/com/vladsch/flexmark/flexmark-ext-gfm-strikethrough/0.26.4/flexmark-ext-gfm-strikethrough-0.26.4.jar:/home/nat/.m2/repository/com/vladsch/flexmark/flexmark-ext-gfm-tables/0.26.4/flexmark-ext-gfm-tables-0.26.4.jar:/home/nat/.m2/repository/com/vladsch/flexmark/flexmark-ext-gfm-tasklist/0.26.4/flexmark-ext-gfm-tasklist-0.26.4.jar:/home/nat/.m2/repository/com/vladsch/flexmark/flexmark-ext-gfm-users/0.26.4/flexmark-ext-gfm-users-0.26.4.jar:/home/nat/.m2/repository/com/vladsch/flexmark/flexmark-ext-jekyll-front-matter/0.26.4/flexmark-ext-jekyll-front-matter-0.26.4.jar:/home/nat/.m2/repository/com/vladsch/flexmark/flexmark-ext-jekyll-tag/0.26.4/flexmark-ext-jekyll-tag-0.26.4.jar:/home/nat/.m2/repository/com/vladsch/flexmark/flexmark-ext-ins/0.26.4/flexmark-ext-ins-0.26.4.jar:/home/nat/.m2/repository/com/vladsch/flexmark/flexmark-ext-xwiki-macros/0.26.4/flexmark-ext-xwiki-macros-0.26.4.jar:/home/nat/.m2/repository/com/vladsch/flexmark/flexmark-ext-superscript/0.26.4/flexmark-ext-superscript-0.26.4.jar:/home/nat/.m2/repository/com/vladsch/flexmark/flexmark-ext-tables/0.26.4/flexmark-ext-tables-0.26.4.jar:/home/nat/.m2/repository/com/vladsch/flexmark/flexmark-ext-toc/0.26.4/flexmark-ext-toc-0.26.4.jar:/home/nat/.m2/repository/com/vladsch/flexmark/flexmark-ext-typographic/0.26.4/flexmark-ext-typographic-0.26.4.jar:/home/nat/.m2/repository/com/vladsch/flexmark/flexmark-ext-wikilink/0.26.4/flexmark-ext-wikilink-0.26.4.jar:/home/nat/.m2/repository/com/vladsch/flexmark/flexmark-ext-yaml-front-matter/0.26.4/flexmark-ext-yaml-front-matter-0.26.4.jar:/home/nat/.m2/repository/com/vladsch/flexmark/flexmark-formatter/0.26.4/flexmark-formatter-0.26.4.jar:/home/nat/.m2/repository/com/vladsch/flexmark/flexmark-html-parser/0.26.4/flexmark-html-parser-0.26.4.jar:/home/nat/.m2/repository/com/vladsch/flexmark/flexmark-jira-converter/0.26.4/flexmark-jira-converter-0.26.4.jar:/home/nat/.m2/repository/com/vladsch/flexmark/flexmark-pdf-converter/0.26.4/flexmark-pdf-converter-0.26.4.jar:/home/nat/.m2/repository/com/openhtmltopdf/openhtmltopdf-core/0.0.1-RC9/openhtmltopdf-core-0.0.1-RC9.jar:/home/nat/.m2/repository/com/openhtmltopdf/openhtmltopdf-pdfbox/0.0.1-RC9/openhtmltopdf-pdfbox-0.0.1-RC9.jar:/home/nat/.m2/repository/org/apache/pdfbox/pdfbox/2.0.4/pdfbox-2.0.4.jar:/home/nat/.m2/repository/org/apache/pdfbox/fontbox/2.0.4/fontbox-2.0.4.jar:/home/nat/.m2/repository/com/openhtmltopdf/openhtmltopdf-rtl-support/0.0.1-RC9/openhtmltopdf-rtl-support-0.0.1-RC9.jar:/home/nat/.m2/repository/com/ibm/icu/icu4j/58.1/icu4j-58.1.jar:/home/nat/.m2/repository/com/openhtmltopdf/openhtmltopdf-jsoup-dom-converter/0.0.1-RC9/openhtmltopdf-jsoup-dom-converter-0.0.1-RC9.jar:/home/nat/.m2/repository/com/vladsch/flexmark/flexmark-profile-pegdown/0.26.4/flexmark-profile-pegdown-0.26.4.jar:/home/nat/.m2/repository/com/vladsch/flexmark/flexmark-util/0.26.4/flexmark-util-0.26.4.jar:/home/nat/.m2/repository/com/vladsch/flexmark/flexmark-youtrack-converter/0.26.4/flexmark-youtrack-converter-0.26.4.jar:/home/nat/.m2/repository/net/serenity-bdd/serenity-cucumber/1.9.20/serenity-cucumber-1.9.20.jar:/home/nat/.m2/repository/net/serenity-bdd/serenity-screenplay/2.0.11/serenity-screenplay-2.0.11.jar:/home/nat/.m2/repository/uk/com/robust-it/cloning/1.9.10/cloning-1.9.10.jar:/home/nat/.m2/repository/net/serenity-bdd/serenity-screenplay-webdriver/2.0.11/serenity-screenplay-webdriver-2.0.11.jar:/home/nat/.m2/repository/io/cucumber/cucumber-java/2.4.0/cucumber-java-2.4.0.jar:/home/nat/.m2/repository/io/cucumber/cucumber-junit/2.4.0/cucumber-junit-2.4.0.jar:/home/nat/.m2/repository/org/apache/commons/commons-csv/1.5/commons-csv-1.5.jar:/home/nat/.m2/repository/org/slf4j/slf4j-simple/1.7.7/slf4j-simple-1.7.7.jar:/home/nat/.m2/repository/junit/junit/4.12/junit-4.12.jar:/home/nat/.m2/repository/net/serenity-bdd/serenity-rest-assured/1.9.45/serenity-rest-assured-1.9.45.jar:/home/nat/.m2/repository/io/rest-assured/rest-assured/3.0.5/rest-assured-3.0.5.jar:/home/nat/.m2/repository/org/ccil/cowan/tagsoup/tagsoup/1.2.1/tagsoup-1.2.1.jar:/home/nat/.m2/repository/io/rest-assured/json-path/3.0.5/json-path-3.0.5.jar:/home/nat/.m2/repository/io/rest-assured/rest-assured-common/3.0.5/rest-assured-common-3.0.5.jar:/home/nat/.m2/repository/io/rest-assured/xml-path/3.0.5/xml-path-3.0.5.jar:/home/nat/.m2/repository/org/codehaus/groovy/groovy-xml/2.4.12/groovy-xml-2.4.12.jar:/home/nat/.m2/repository/org/codehaus/groovy/groovy-json/2.4.12/groovy-json-2.4.12.jar:/home/nat/.m2/repository/org/apache/maven/plugins/maven-failsafe-plugin/3.0.0-M3/maven-failsafe-plugin-3.0.0-M3.jar:/home/nat/.m2/repository/org/apache/maven/surefire/maven-surefire-common/3.0.0-M3/maven-surefire-common-3.0.0-M3.jar:/home/nat/.m2/repository/org/apache/maven/surefire/surefire-api/3.0.0-M3/surefire-api-3.0.0-M3.jar:/home/nat/.m2/repository/org/apache/maven/surefire/surefire-logger-api/3.0.0-M3/surefire-logger-api-3.0.0-M3.jar:/home/nat/.m2/repository/org/apache/maven/surefire/surefire-booter/3.0.0-M3/surefire-booter-3.0.0-M3.jar:/home/nat/.m2/repository/org/apache/maven/maven-toolchain/3.0-alpha-2/maven-toolchain-3.0-alpha-2.jar:/home/nat/.m2/repository/org/apache/maven/maven-core/3.0-alpha-2/maven-core-3.0-alpha-2.jar:/home/nat/.m2/repository/org/apache/maven/maven-lifecycle/3.0-alpha-2/maven-lifecycle-3.0-alpha-2.jar:/home/nat/.m2/repository/org/apache/maven/maven-reporting-api/3.0-alpha-2/maven-reporting-api-3.0-alpha-2.jar:/home/nat/.m2/repository/org/apache/maven/doxia/doxia-sink-api/1.0-alpha-9/doxia-sink-api-1.0-alpha-9.jar:/home/nat/.m2/repository/org/apache/maven/maven-model/3.0-alpha-2/maven-model-3.0-alpha-2.jar:/home/nat/.m2/repository/org/apache/maven/maven-plugin-api/3.0-alpha-2/maven-plugin-api-3.0-alpha-2.jar:/home/nat/.m2/repository/org/codehaus/plexus/plexus-container-default/1.0-beta-3.0.5/plexus-container-default-1.0-beta-3.0.5.jar:/home/nat/.m2/repository/org/apache/xbean/xbean-reflect/3.4/xbean-reflect-3.4.jar:/home/nat/.m2/repository/log4j/log4j/1.2.12/log4j-1.2.12.jar:/home/nat/.m2/repository/commons-logging/commons-logging-api/1.1/commons-logging-api-1.1.jar:/home/nat/.m2/repository/com/google/code/google-collections/google-collect/snapshot-20080530/google-collect-snapshot-20080530.jar:/home/nat/.m2/repository/org/apache/maven/maven-project/3.0-alpha-2/maven-project-3.0-alpha-2.jar:/home/nat/.m2/repository/org/codehaus/woodstox/wstx-asl/3.2.6/wstx-asl-3.2.6.jar:/home/nat/.m2/repository/org/apache/maven/maven-project-builder/3.0-alpha-2/maven-project-builder-3.0-alpha-2.jar:/home/nat/.m2/repository/commons-cli/commons-cli/1.0/commons-cli-1.0.jar:/home/nat/.m2/repository/org/codehaus/plexus/plexus-interactivity-api/1.0-alpha-6/plexus-interactivity-api-1.0-alpha-6.jar:/home/nat/.m2/repository/org/codehaus/plexus/plexus-interpolation/1.1/plexus-interpolation-1.1.jar:/home/nat/.m2/repository/org/codehaus/plexus/plexus-utils/1.5.6/plexus-utils-1.5.6.jar:/home/nat/.m2/repository/org/codehaus/plexus/plexus-classworlds/1.3/plexus-classworlds-1.3.jar:/home/nat/.m2/repository/org/codehaus/plexus/plexus-component-annotations/1.0-beta-3.0.5/plexus-component-annotations-1.0-beta-3.0.5.jar:/home/nat/.m2/repository/org/sonatype/plexus/plexus-plugin-manager/1.0-alpha-1/plexus-plugin-manager-1.0-alpha-1.jar:/home/nat/.m2/repository/org/apache/maven/mercury/mercury-plexus/1.0.0-alpha-2/mercury-plexus-1.0.0-alpha-2.jar:/home/nat/.m2/repository/org/apache/maven/mercury/mercury-repo-remote-m2/1.0.0-alpha-2/mercury-repo-remote-m2-1.0.0-alpha-2.jar:/home/nat/.m2/repository/org/apache/maven/mercury/mercury-repo-api/1.0.0-alpha-2/mercury-repo-api-1.0.0-alpha-2.jar:/home/nat/.m2/repository/org/apache/maven/mercury/mercury-transport-api/1.0.0-alpha-2/mercury-transport-api-1.0.0-alpha-2.jar:/home/nat/.m2/repository/org/apache/maven/mercury/mercury-crypto-api/1.0.0-alpha-2/mercury-crypto-api-1.0.0-alpha-2.jar:/home/nat/.m2/repository/org/apache/maven/mercury/mercury-transport-http/1.0.0-alpha-2/mercury-transport-http-1.0.0-alpha-2.jar:/home/nat/.m2/repository/org/mortbay/jetty/jetty-client/6.1.12/jetty-client-6.1.12.jar:/home/nat/.m2/repository/org/mortbay/jetty/jetty-sslengine/6.1.12/jetty-sslengine-6.1.12.jar:/home/nat/.m2/repository/org/mortbay/jetty/jetty/6.1.12/jetty-6.1.12.jar:/home/nat/.m2/repository/org/mortbay/jetty/jetty-util/6.1.12/jetty-util-6.1.12.jar:/home/nat/.m2/repository/org/mortbay/jetty/servlet-api-2.5/6.1.12/servlet-api-2.5-6.1.12.jar:/home/nat/.m2/repository/org/apache/maven/mercury/mercury-crypto-basic/1.0.0-alpha-2/mercury-crypto-basic-1.0.0-alpha-2.jar:/home/nat/.m2/repository/bouncycastle/bcprov-jdk15/140/bcprov-jdk15-140.jar:/home/nat/.m2/repository/bouncycastle/bcpg-jdk15/140/bcpg-jdk15-140.jar:/home/nat/.m2/repository/org/apache/maven/mercury/mercury-md-shared/1.0.0-alpha-2/mercury-md-shared-1.0.0-alpha-2.jar:/home/nat/.m2/repository/org/apache/maven/mercury/mercury-util/1.0.0-alpha-2/mercury-util-1.0.0-alpha-2.jar:/home/nat/.m2/repository/org/apache/maven/mercury/mercury-repo-local-m2/1.0.0-alpha-2/mercury-repo-local-m2-1.0.0-alpha-2.jar:/home/nat/.m2/repository/org/apache/maven/mercury/mercury-repo-virtual/1.0.0-alpha-2/mercury-repo-virtual-1.0.0-alpha-2.jar:/home/nat/.m2/repository/org/apache/maven/mercury/mercury-repo-cache-fs/1.0.0-alpha-2/mercury-repo-cache-fs-1.0.0-alpha-2.jar:/home/nat/.m2/repository/org/apache/maven/mercury/mercury-md-sat/1.0.0-alpha-2/mercury-md-sat-1.0.0-alpha-2.jar:/home/nat/.m2/repository/org/sat4j/org.sat4j.core/2.0.4/org.sat4j.core-2.0.4.jar:/home/nat/.m2/repository/org/sat4j/org.sat4j.pb/2.0.4/org.sat4j.pb-2.0.4.jar:/home/nat/.m2/repository/org/apache/maven/mercury/mercury-event/1.0.0-alpha-2/mercury-event-1.0.0-alpha-2.jar:/home/nat/.m2/repository/org/apache/maven/mercury/mercury-logging/1.0.0-alpha-2/mercury-logging-1.0.0-alpha-2.jar:/home/nat/.m2/repository/org/codehaus/plexus/plexus-lang/1.1/plexus-lang-1.1.jar:/home/nat/.m2/repository/org/slf4j/slf4j-jdk14/1.5.3/slf4j-jdk14-1.5.3.jar:/home/nat/.m2/repository/org/apache/maven/maven-mercury/3.0-alpha-2/maven-mercury-3.0-alpha-2.jar:/home/nat/.m2/repository/org/apache/maven/mercury/mercury-artifact/1.0.0-alpha-2/mercury-artifact-1.0.0-alpha-2.jar:/home/nat/.m2/repository/org/apache/maven/mercury/mercury-external/1.0.0-alpha-2/mercury-external-1.0.0-alpha-2.jar:/home/nat/.m2/repository/org/sonatype/spice/model-builder/1.3/model-builder-1.3.jar:/home/nat/.m2/repository/stax/stax-api/1.0.1/stax-api-1.0.1.jar:/home/nat/.m2/repository/org/apache/maven/maven-compat/3.0-alpha-2/maven-compat-3.0-alpha-2.jar:/home/nat/.m2/repository/org/apache/maven/wagon/wagon-provider-api/1.0-beta-4/wagon-provider-api-1.0-beta-4.jar:/home/nat/.m2/repository/org/codehaus/plexus/plexus-java/1.0.1/plexus-java-1.0.1.jar:/home/nat/.m2/repository/com/thoughtworks/qdox/qdox/2.0-M9/qdox-2.0-M9.jar:"/>
    <property name="sun.cpu.endian" value="little"/>
    <property name="user.home" value="/home/nat"/>
    <property name="user.language" value="en"/>
    <property name="java.specification.vendor" value="Oracle Corporation"/>
    <property name="java.home" value="/usr/lib/jvm/java-8-openjdk-amd64/jre"/>
    <property name="basedir" value="/home/nat/Documents/phase-3/day-3(Testing-UI)"/>
    <property name="file.separator" value="/"/>
    <property name="line.separator" value="&#10;"/>
    <property name="java.vm.specification.vendor" value="Oracle Corporation"/>
    <property name="java.specification.name" value="Java Platform API Specification"/>
    <property name="java.awt.graphicsenv" value="sun.awt.X11GraphicsEnvironment"/>
    <property name="surefire.real.class.path" value="/home/nat/Documents/phase-3/day-3(Testing-UI)/target/surefire/surefirebooter3482057469677247205.jar"/>
    <property name="sun.boot.class.path" value="/usr/lib/jvm/java-8-openjdk-amd64/jre/lib/resources.jar:/usr/lib/jvm/java-8-openjdk-amd64/jre/lib/rt.jar:/usr/lib/jvm/java-8-openjdk-amd64/jre/lib/sunrsasign.jar:/usr/lib/jvm/java-8-openjdk-amd64/jre/lib/jsse.jar:/usr/lib/jvm/java-8-openjdk-amd64/jre/lib/jce.jar:/usr/lib/jvm/java-8-openjdk-amd64/jre/lib/charsets.jar:/usr/lib/jvm/java-8-openjdk-amd64/jre/lib/jfr.jar:/usr/lib/jvm/java-8-openjdk-amd64/jre/classes"/>
    <property name="sun.management.compiler" value="HotSpot 64-Bit Tiered Compilers"/>
    <property name="java.runtime.version" value="1.8.0_181-8u181-b13-2~deb9u1-b13"/>
    <property name="user.name" value="nat"/>
    <property name="path.separator" value=":"/>
    <property name="os.version" value="4.15.0-30deepin-generic"/>
    <property name="java.endorsed.dirs" value="/usr/lib/jvm/java-8-openjdk-amd64/jre/lib/endorsed"/>
    <property name="java.runtime.name" value="OpenJDK Runtime Environment"/>
    <property name="file.encoding" value="UTF-8"/>
    <property name="java.vm.name" value="OpenJDK 64-Bit Server VM"/>
    <property name="localRepository" value="/home/nat/.m2/repository"/>
    <property name="java.vendor.url.bug" value="http://bugreport.sun.com/bugreport/"/>
    <property name="java.io.tmpdir" value="/tmp"/>
    <property name="java.version" value="1.8.0_181"/>
    <property name="user.dir" value="/home/nat/Documents/phase-3/day-3(Testing-UI)"/>
    <property name="os.arch" value="amd64"/>
    <property name="java.vm.specification.name" value="Java Virtual Machine Specification"/>
    <property name="java.awt.printerjob" value="sun.print.PSPrinterJob"/>
    <property name="sun.os.patch.level" value="unknown"/>
    <property name="java.library.path" value="/usr/java/packages/lib/amd64:/usr/lib/x86_64-linux-gnu/jni:/lib/x86_64-linux-gnu:/usr/lib/x86_64-linux-gnu:/usr/lib/jni:/lib:/usr/lib"/>
    <property name="java.vm.info" value="mixed mode"/>
    <property name="java.vendor" value="Oracle Corporation"/>
    <property name="java.vm.version" value="25.181-b13"/>
    <property name="java.ext.dirs" value="/usr/lib/jvm/java-8-openjdk-amd64/jre/lib/ext:/usr/java/packages/lib/ext"/>
    <property name="sun.io.unicode.encoding" value="UnicodeLittle"/>
    <property name="java.class.version" value="52.0"/>
  </properties>
  <testcase name="user prepare request" classname="As a user, I want to get category" time="2.772"/>
  <testcase name="user hit on api categories" classname="As a user, I want to get category" time="1.954"/>
  <testcase name="id &quot;1&quot; should be &quot;Delivery&quot;" classname="As a user, I want to get category" time="0.007"/>
  <testcase name="As a user, I want to get category" classname="As a user, I want to get category" time="0.012"/>
</testsuite>